0 info it worked if it ends with ok
1 verbose cli [ '/usr/local/Cellar/node/5.0.0/bin/node',
1 verbose cli   '/usr/local/bin/npm',
1 verbose cli   'run',
1 verbose cli   'start' ]
2 info using npm@2.14.14
3 info using node@v5.0.0
4 verbose run-script [ 'prestart', 'start', 'poststart' ]
5 info prestart node-red@0.11.2
6 info start node-red@0.11.2
7 verbose unsafe-perm in lifecycle true
8 info node-red@0.11.2 Failed to exec start script
9 verbose stack Error: node-red@0.11.2 start: `ecstatic public --port 1337`
9 verbose stack Exit status 1
9 verbose stack     at EventEmitter.<anonymous> (/usr/local/lib/node_modules/npm/lib/utils/lifecycle.js:214:16)
9 verbose stack     at emitTwo (events.js:87:13)
9 verbose stack     at EventEmitter.emit (events.js:172:7)
9 verbose stack     at ChildProcess.<anonymous> (/usr/local/lib/node_modules/npm/lib/utils/spawn.js:24:14)
9 verbose stack     at emitTwo (events.js:87:13)
9 verbose stack     at ChildProcess.emit (events.js:172:7)
9 verbose stack     at maybeClose (internal/child_process.js:818:16)
9 verbose stack     at Process.ChildProcess._handle.onexit (internal/child_process.js:211:5)
10 verbose pkgid node-red@0.11.2
11 verbose cwd /Users/samrocksc/GitHub/pagenodes
12 error Darwin 15.3.0
13 error argv "/usr/local/Cellar/node/5.0.0/bin/node" "/usr/local/bin/npm" "run" "start"
14 error node v5.0.0
15 error npm  v2.14.14
16 error code ELIFECYCLE
17 error node-red@0.11.2 start: `ecstatic public --port 1337`
17 error Exit status 1
18 error Failed at the node-red@0.11.2 start script 'ecstatic public --port 1337'.
18 error This is most likely a problem with the node-red package,
18 error not with npm itself.
18 error Tell the author that this fails on your system:
18 error     ecstatic public --port 1337
18 error You can get their info via:
18 error     npm owner ls node-red
18 error There is likely additional logging output above.
19 verbose exit [ 1, true ]
